2019/07/12 17:55:11 INFO: #### 1964年オリンピック東京大会 マラソン折返点記念碑.gmap
2019/07/12 17:55:12 INFO: doc_id=1xUyJ7sgL5ySPtDJZ16akMBIEzzk uri=https://www.google.com/maps/d/kml?mid=1xUyJ7sgL5ySPtDJZ16akMBIEzzk status=200
2019/07/12 17:55:12 INFO: name:1964年オリンピック東京大会 マラソン折返点記念碑
2019/07/12 17:55:12 INFO: name:無題のレイヤ
2019/07/12 17:55:12 INFO: name:折り返し点
2019/07/12 17:55:12 INFO: #### 2009 0919a.gmap
2019/07/12 17:55:13 INFO: doc_id=1xrPQ7ffAYsis4drpc_uM_RsIh0amAMNz uri=https://www.google.com/maps/d/kml?mid=1xrPQ7ffAYsis4drpc_uM_RsIh0amAMNz status=200
2019/07/12 17:55:13 INFO: name:2009 0919a
2019/07/12 17:55:13 INFO: name:waypoints
2019/07/12 17:55:13 INFO: name:2009/09/19 11:55:34 1.16Km/hr 0.00Km 73m
2019/07/12 17:55:13 INFO: name:2009/09/19 11:57:16 16.48Km/hr 0.28Km 47m
2019/07/12 17:55:13 INFO: name:2009/09/19 12:00:51 7.21Km/hr 0.68Km 58m
2019/07/12 17:55:13 INFO: name:2009/09/19 12:06:00 13.54Km/hr 1.73Km 27m
2019/07/12 17:55:13 INFO: name:2009/09/19 12:12:03 12.68Km/hr 2.78Km 17m
2019/07/12 17:55:13 INFO: name:2009/09/19 12:17:25 11.25Km/hr 3.81Km 45m
2019/07/12 17:55:13 INFO: name:2009/09/19 12:23:28 15.82Km/hr 4.88Km 66m
2019/07/12 17:55:13 INFO: name:2009/09/19 12:25:01 8.91Km/hr 5.13Km 56m
2019/07/12 17:55:13 INFO: name:2009/09/19 新宿まで
2019/07/12 17:55:13 INFO: name:Route
2019/07/12 17:55:13 INFO: #### 2009 0919b.gmap
